language-python/build/intermediates/manifest_merge_blame_file/debug/manifest-merger-blame-debug-report.txt
1<?xml version="1.0" encoding="utf-8"?>
2<!--
3~~~~~~~~~~~~~~~~~~~~~~~~~~~~~~~~~~~~~~~~~~~~~~~~~~~~~~~~~~~~~~~~~~~~~~~~~~~~
4  ~    CodeEditor - the awesome code editor for Android
5  ~    Copyright (C) 2020-2021  Rosemoe
6  ~
7  ~     This library is free software; you can redistribute it and/or
8  ~     modify it under the terms of the GNU Lesser General Public
9  ~     License as published by the Free Software Foundation; either
10  ~     version 2.1 of the License, or (at your option) any later version.
11  ~
12  ~     This library is distributed in the hope that it will be useful,
13  ~     but WITHOUT ANY WARRANTY; without even the implied warranty of
14  ~     MERCHANTABILITY or FITNESS FOR A PARTICULAR PURPOSE.  See the GNU
15  ~     Lesser General Public License for more details.
16  ~
17  ~     You should have received a copy of the GNU Lesser General Public
18  ~     License along with this library; if not, write to the Free Software
19  ~     Foundation, Inc., 51 Franklin Street, Fifth Floor, Boston, MA  02110-1301
20  ~     USA
21  ~
22  ~     Please contact Rosemoe by email 2073412493@qq.com if you need
23  ~     additional information or have any questions
24  ~~~~~~~~~~~~~~~~~~~~~~~~~~~~~~~~~~~~~~~~~~~~~~~~~~~~~~~~~~~~~~~~~~~~~~~~~~~
25-->
26<manifest xmlns:android="http://schemas.android.com/apk/res/android"
27    package="io.github.rosemoe.sora.langs.python" >
28
29    <uses-sdk
30        android:minSdkVersion="21"
30-->src/main/AndroidManifest.xml
31        android:targetSdkVersion="31" />
31-->src/main/AndroidManifest.xml
32
33</manifest>